2025-05-17 12:39:08,488 - src.frames_util - ERROR - Unexpected error: HTTPStatusError.__init__() missing 1 required keyword-only argument: 'request'
Traceback (most recent call last):
  File "/home/runner/work/rand-frieren/rand-frieren/src/frames_util.py", line 65, in download_frame
    raise httpx.HTTPStatusError("Rate limit exceeded", response=response)
          ~~~~~~~~~~~~~~~~~~~~~^^^^^^^^^^^^^^^^^^^^^^^^^^^^^^^^^^^^^^^^^^
TypeError: HTTPStatusError.__init__() missing 1 required keyword-only argument: 'request'
2025-05-17 12:51:40,089 - src.frames_util - ERROR - Unexpected error: HTTPStatusError.__init__() missing 1 required keyword-only argument: 'request'
Traceback (most recent call last):
  File "/home/runner/work/rand-frieren/rand-frieren/src/frames_util.py", line 65, in download_frame
    raise httpx.HTTPStatusError("Rate limit exceeded", response=response)
          ~~~~~~~~~~~~~~~~~~~~~^^^^^^^^^^^^^^^^^^^^^^^^^^^^^^^^^^^^^^^^^^
TypeError: HTTPStatusError.__init__() missing 1 required keyword-only argument: 'request'
2025-05-17 21:24:55,641 - src.frames_util - ERROR - Unexpected error: HTTPStatusError.__init__() missing 1 required keyword-only argument: 'request'
Traceback (most recent call last):
  File "/home/runner/work/rand-frieren/rand-frieren/src/frames_util.py", line 65, in download_frame
    raise httpx.HTTPStatusError("Rate limit exceeded", response=response)
          ~~~~~~~~~~~~~~~~~~~~~^^^^^^^^^^^^^^^^^^^^^^^^^^^^^^^^^^^^^^^^^^
TypeError: HTTPStatusError.__init__() missing 1 required keyword-only argument: 'request'
2025-05-17 21:44:36,815 - src.frames_util - ERROR - Unexpected error: HTTPStatusError.__init__() missing 1 required keyword-only argument: 'request'
Traceback (most recent call last):
  File "/home/runner/work/rand-frieren/rand-frieren/src/frames_util.py", line 65, in download_frame
    raise httpx.HTTPStatusError("Rate limit exceeded", response=response)
          ~~~~~~~~~~~~~~~~~~~~~^^^^^^^^^^^^^^^^^^^^^^^^^^^^^^^^^^^^^^^^^^
TypeError: HTTPStatusError.__init__() missing 1 required keyword-only argument: 'request'
2025-05-18 15:44:56,220 - src.frames_util - ERROR - Unexpected error: HTTPStatusError.__init__() missing 1 required keyword-only argument: 'request'
Traceback (most recent call last):
  File "/home/runner/work/rand-frieren/rand-frieren/src/frames_util.py", line 65, in download_frame
    raise httpx.HTTPStatusError("Rate limit exceeded", response=response)
          ~~~~~~~~~~~~~~~~~~~~~^^^^^^^^^^^^^^^^^^^^^^^^^^^^^^^^^^^^^^^^^^
TypeError: HTTPStatusError.__init__() missing 1 required keyword-only argument: 'request'
